[2026-03-11T08:53:57.726Z] [推理] 用户输入: 百度公司股价
[2026-03-11T08:53:57.729Z] [推理] 开始处理请求...
[2026-03-11T08:53:57.731Z] [搜索] 开始联网搜索: 百度公司股价
[2026-03-11T08:53:57.743Z] [搜索] 搜索请求已发送，等待后端处理...
[2026-03-11T08:54:27.914Z] [推理] 处理完成，回复: 抱歉，搜索超时。请稍后再试。...
[2026-03-11T08:54:27.919Z] [对话 #1] 用户: 百度公司股价
[2026-03-11T08:54:47.710Z] [推理] 用户输入: 你为啥搜索超时
[2026-03-11T08:54:47.714Z] [推理] 开始处理请求...
[2026-03-11T08:54:47.715Z] [搜索] 开始联网搜索: 你为啥搜索超时
[2026-03-11T08:54:47.720Z] [搜索] 搜索请求已发送，等待后端处理...
[2026-03-11T08:55:17.873Z] [推理] 处理完成，回复: 抱歉，搜索超时。请稍后再试。...
[2026-03-11T08:55:17.882Z] [对话 #2] 用户: 你为啥搜索超时
[2026-03-11T09:02:17.703Z] [推理] 用户输入: 百度公司股价
[2026-03-11T09:02:17.709Z] [推理] 开始处理请求...
[2026-03-11T09:02:17.713Z] [搜索] 开始联网搜索: 百度公司股价
[2026-03-11T09:02:17.716Z] [搜索] 搜索请求已发送，等待后端处理...
[2026-03-11T09:02:47.897Z] [推理] 处理完成，回复: 抱歉，搜索超时。请稍后再试。...
[2026-03-11T09:02:47.900Z] [对话 #3] 用户: 百度公司股价
[2026-03-11T09:35:04.525Z] [推理] 用户输入: 你怎么又挂了
[2026-03-11T09:35:04.529Z] [推理] 开始处理请求...
[2026-03-11T09:35:04.532Z] [搜索] 开始联网搜索: 你怎么又挂了
[2026-03-11T09:35:04.536Z] [搜索] 搜索请求已发送，等待后端处理...
[2026-03-11T09:35:34.837Z] [推理] 处理完成，回复: 抱歉，搜索超时。请稍后再试。...
[2026-03-11T09:35:34.840Z] [对话 #4] 用户: 你怎么又挂了
[2026-03-11T09:36:11.118Z] [搜索] 开始联网搜索: 帮我哨兵模式
[2026-03-11T09:36:11.123Z] [搜索] 搜索请求已发送，等待后端处理...
[2026-03-11T09:44:26.935Z] [推理] 用户输入: 小米公司今天的股票价格
[2026-03-11T09:44:26.939Z] [推理] 开始处理请求...
[2026-03-11T09:44:26.942Z] [搜索] 开始联网搜索: 小米公司今天的股票价格
[2026-03-11T09:44:26.946Z] [搜索] 搜索请求已发送，等待后端处理...
[2026-03-11T09:44:57.174Z] [推理] 处理完成，回复: 抱歉，搜索超时。请稍后再试。...
[2026-03-11T09:44:57.178Z] [对话 #5] 用户: 小米公司今天的股票价格
[2026-03-11T09:54:07.888Z] [推理] 用户输入: 小米公司今天的股票价格
[2026-03-11T09:54:07.891Z] [推理] 开始处理请求...
[2026-03-11T09:54:07.894Z] [搜索] 开始联网搜索: 小米公司今天的股票价格
[2026-03-11T09:54:07.897Z] [搜索] 搜索请求已发送，等待后端处理...
[2026-03-11T09:54:38.150Z] [推理] 处理完成，回复: 抱歉，搜索超时。请稍后再试。...
[2026-03-11T09:54:38.152Z] [对话 #6] 用户: 小米公司今天的股票价格
[2026-03-11T09:57:09.853Z] [推理] 用户输入: 小米公司每天的股票价格
[2026-03-11T09:57:09.856Z] [推理] 开始处理请求...
[2026-03-11T09:57:09.858Z] [搜索] 开始联网搜索: 小米公司每天的股票价格
[2026-03-11T09:57:09.863Z] [搜索] 搜索请求已发送，等待后端处理...
[2026-03-11T09:57:40.052Z] [推理] 处理完成，回复: 抱歉，搜索超时。请稍后再试。...
[2026-03-11T09:57:40.055Z] [对话 #7] 用户: 小米公司每天的股票价格
[2026-03-11T10:00:07.237Z] [推理] 用户输入: 小米公司今天的股票价格
[2026-03-11T10:00:07.241Z] [推理] 开始处理请求...
[2026-03-11T10:00:07.245Z] [搜索] 开始联网搜索: 小米公司今天的股票价格
[2026-03-11T10:00:07.254Z] [搜索] 搜索请求已发送，等待后端处理...
[2026-03-11T10:00:37.464Z] [推理] 处理完成，回复: 抱歉，搜索超时。请稍后再试。...
[2026-03-11T10:00:37.466Z] [对话 #8] 用户: 小米公司今天的股票价格
[2026-03-11T10:01:37.558Z] [推理] 用户输入: 小米公司今天的股票价格
[2026-03-11T10:01:37.561Z] [推理] 开始处理请求...
[2026-03-11T10:01:37.568Z] [搜索] 开始联网搜索: 小米公司今天的股票价格
[2026-03-11T10:01:37.574Z] [搜索] 搜索请求已发送，等待后端处理...
[2026-03-11T10:02:07.763Z] [推理] 处理完成，回复: 抱歉，搜索超时。请稍后再试。...
[2026-03-11T10:02:07.769Z] [对话 #9] 用户: 小米公司今天的股票价格
[2026-03-11T10:05:19.762Z] [推理] 用户输入: 小米今天的股价
[2026-03-11T10:05:19.765Z] [推理] 开始处理请求...
[2026-03-11T10:05:19.770Z] [搜索] 开始联网搜索: 小米今天的股价
[2026-03-11T10:05:19.774Z] [搜索] 搜索请求已发送，等待后端处理...
[2026-03-11T10:05:49.973Z] [推理] 处理完成，回复: 抱歉，搜索超时。请稍后再试。...
[2026-03-11T10:05:49.974Z] [对话 #10] 用户: 小米今天的股价
[2026-03-11T10:17:07.814Z] [推理] 用户输入: 小鹏汽车的股票价格是多少
[2026-03-11T10:17:07.816Z] [推理] 开始处理请求...
[2026-03-11T10:17:07.819Z] [搜索] 开始联网搜索: 小鹏汽车的股票价格是多少
[2026-03-11T10:17:07.825Z] [搜索] 搜索请求已发送，等待后端处理...
[2026-03-11T10:18:08.263Z] [推理] 处理完成，回复: 抱歉，搜索超时。请稍后再试。...
[2026-03-11T10:18:08.265Z] [对话 #11] 用户: 小鹏汽车的股票价格是多少
[2026-03-11T10:29:52.158Z] [推理] 用户输入: 理想汽车今天的股票
[2026-03-11T10:29:52.165Z] [推理] 开始处理请求...
[2026-03-11T10:29:52.171Z] [搜索] 开始联网搜索: 理想汽车今天的股票
[2026-03-11T10:29:52.177Z] [搜索] 搜索请求已发送，等待后端处理...
[2026-03-11T10:31:22.913Z] [推理] 处理完成，回复: 抱歉，搜索超时。请稍后再试。...
[2026-03-11T10:31:22.915Z] [对话 #12] 用户: 理想汽车今天的股票
[2026-03-11T11:45:29.160Z] [推理] 用户输入: 理想汽车今天的股票价格
[2026-03-11T11:45:29.170Z] [推理] 开始处理请求...
[2026-03-11T11:45:29.173Z] [搜索] 开始联网搜索: 理想汽车今天的股票价格
[2026-03-11T11:45:29.180Z] [搜索] 搜索请求已发送，等待后端处理...
[2026-03-11T11:47:30.165Z] [推理] 处理完成，回复: 抱歉，搜索超时。请稍后再试。...
[2026-03-11T11:47:30.169Z] [对话 #13] 用户: 理想汽车今天的股票价格
[2026-03-11T11:50:32.933Z] [搜索] 开始联网搜索: 帮我哨兵模式
[2026-03-11T11:50:32.938Z] [搜索] 搜索请求已发送，等待后端处理...
[2026-03-11T11:53:51.707Z] [推理] 用户输入: 理想汽车今天的股票价格
[2026-03-11T11:53:51.710Z] [推理] 开始处理请求...
[2026-03-11T11:53:51.712Z] [搜索] 开始联网搜索: 理想汽车今天的股票价格
[2026-03-11T11:53:53.214Z] [推理] 处理完成，回复: 为您搜索到以下信息：
1. 搜索结果: Unknown to...
[2026-03-11T11:53:53.215Z] [对话 #14] 用户: 理想汽车今天的股票价格
[2026-03-11T11:54:29.220Z] [推理] 用户输入: 理想汽车今天的股票
[2026-03-11T11:54:29.224Z] [推理] 开始处理请求...
[2026-03-11T11:54:29.228Z] [搜索] 开始联网搜索: 理想汽车今天的股票
[2026-03-11T11:54:29.998Z] [推理] 处理完成，回复: 为您搜索到以下信息：
1. 搜索结果: Unknown to...
[2026-03-11T11:54:30.000Z] [对话 #15] 用户: 理想汽车今天的股票
[2026-03-11T11:57:35.601Z] [推理] 用户输入: 理想汽车今天的股票价格
[2026-03-11T11:57:35.614Z] [推理] 开始处理请求...
[2026-03-11T11:57:35.619Z] [搜索] 开始联网搜索: 理想汽车今天的股票价格
[2026-03-11T11:57:38.438Z] [推理] 处理完成，回复: 为您搜索到以下信息：
1. 理想汽车(LI)股票价格_行情_...
[2026-03-11T11:57:38.440Z] [对话 #16] 用户: 理想汽车今天的股票价格
[2026-03-11T12:00:30.866Z] [推理] 用户输入: 小米汽车今天的股票价格
[2026-03-11T12:00:30.883Z] [推理] 开始处理请求...
[2026-03-11T12:00:30.891Z] [搜索] 开始联网搜索: 小米汽车今天的股票价格
[2026-03-11T12:00:33.608Z] [推理] 处理完成，回复: 为您搜索到以下信息：
1. 小米汽车陷“虚假宣传”?继昨日小...
[2026-03-11T12:00:33.609Z] [对话 #17] 用户: 小米汽车今天的股票价格
[2026-03-11T12:05:47.787Z] [推理] 用户输入: 今天是几月几号
[2026-03-11T12:05:47.794Z] [推理] 开始处理请求...
[2026-03-11T12:05:47.800Z] [搜索] 开始联网搜索: 今天是几月几号
[2026-03-11T12:05:50.969Z] [推理] 处理完成，回复: 为您搜索到以下信息：
1. #天南地北大拜年#今天是正月十几...
[2026-03-11T12:05:50.972Z] [对话 #18] 用户: 今天是几月几号
[2026-03-11T12:08:54.430Z] [推理] 用户输入: 武汉在哪，介绍一下武汉
[2026-03-11T12:08:54.434Z] [推理] 开始处理请求...
[2026-03-11T12:08:54.437Z] [搜索] 开始联网搜索: 武汉在哪，介绍一下武汉
[2026-03-11T12:08:57.059Z] [推理] 处理完成，回复: 为您搜索到以下信息：
1. 武汉地理位置: 武汉市位于湖北省...
[2026-03-11T12:08:57.061Z] [对话 #19] 用户: 武汉在哪，介绍一下武汉
